<?xml version="1.0" encoding="UTF-8"?>
<testsuite xmlns:xsi="http://www.w3.org/2001/XMLSchema-instance" xsi:schemaLocation="https://maven.apache.org/surefire/maven-surefire-plugin/xsd/surefire-test-report.xsd" name="hr.fer.oprpp1.custom.collections.LinkedListIndexedCollectionTest" time="0.026" tests="29" errors="0" skipped="0" failures="0">
  <properties>
    <property name="java.runtime.name" value="OpenJDK Runtime Environment"/>
    <property name="java.vm.version" value="17+0"/>
    <property name="sun.boot.library.path" value="/opt/homebrew/Cellar/openjdk/17/libexec/openjdk.jdk/Contents/Home/lib"/>
    <property name="maven.multiModuleProjectDirectory" value="/Users/lovrogrguricmileusnic/Documents/FER/OPRPP/FER_OPPRP1_HWS/hw01-0036523763"/>
    <property name="java.vm.vendor" value="Homebrew"/>
    <property name="java.vendor.url" value="https://github.com/Homebrew/homebrew-core/issues"/>
    <property name="guice.disable.misplaced.annotation.check" value="true"/>
    <property name="path.separator" value=":"/>
    <property name="java.vm.name" value="OpenJDK 64-Bit Server VM"/>
    <property name="user.country" value="HR"/>
    <property name="sun.java.launcher" value="SUN_STANDARD"/>
    <property name="java.vm.specification.name" value="Java Virtual Machine Specification"/>
    <property name="user.dir" value="/Users/lovrogrguricmileusnic/Documents/FER/OPRPP/FER_OPPRP1_HWS/hw01-0036523763"/>
    <property name="java.vm.compressedOopsMode" value="Zero based"/>
    <property name="java.runtime.version" value="17+0"/>
    <property name="os.arch" value="aarch64"/>
    <property name="java.io.tmpdir" value="/var/folders/g2/yss8rx9j3ms58xpj_nxj99bw0000gn/T/"/>
    <property name="line.separator" value="&#10;"/>
    <property name="java.vm.specification.vendor" value="Oracle Corporation"/>
    <property name="os.name" value="Mac OS X"/>
    <property name="classworlds.conf" value="/opt/homebrew/Cellar/maven/3.8.3/libexec/bin/m2.conf"/>
    <property name="sun.jnu.encoding" value="UTF-8"/>
    <property name="java.library.path" value="/Users/lovrogrguricmileusnic/Library/Java/Extensions:/Library/Java/Extensions:/Network/Library/Java/Extensions:/System/Library/Java/Extensions:/usr/lib/java:."/>
    <property name="maven.conf" value="/opt/homebrew/Cellar/maven/3.8.3/libexec/conf"/>
    <property name="jdk.debug" value="release"/>
    <property name="java.class.version" value="61.0"/>
    <property name="java.specification.name" value="Java Platform API Specification"/>
    <property name="sun.management.compiler" value="HotSpot 64-Bit Tiered Compilers"/>
    <property name="os.version" value="11.6"/>
    <property name="library.jansi.path" value="/opt/homebrew/Cellar/maven/3.8.3/libexec/lib/jansi-native"/>
    <property name="http.nonProxyHosts" value="local|*.local|169.254/16|*.169.254/16"/>
    <property name="user.home" value="/Users/lovrogrguricmileusnic"/>
    <property name="user.timezone" value="Europe/Zagreb"/>
    <property name="file.encoding" value="UTF-8"/>
    <property name="java.specification.version" value="17"/>
    <property name="user.name" value="lovrogrguricmileusnic"/>
    <property name="java.class.path" value="/opt/homebrew/Cellar/maven/3.8.3/libexec/boot/plexus-classworlds-2.6.0.jar"/>
    <property name="java.vm.specification.version" value="17"/>
    <property name="sun.arch.data.model" value="64"/>
    <property name="sun.java.command" value="org.codehaus.plexus.classworlds.launcher.Launcher test"/>
    <property name="java.home" value="/opt/homebrew/Cellar/openjdk/17/libexec/openjdk.jdk/Contents/Home"/>
    <property name="user.language" value="en"/>
    <property name="java.specification.vendor" value="Oracle Corporation"/>
    <property name="java.vm.info" value="mixed mode, sharing"/>
    <property name="java.version" value="17"/>
    <property name="native.encoding" value="UTF-8"/>
    <property name="java.vendor" value="Homebrew"/>
    <property name="sun.stderr.encoding" value="UTF-8"/>
    <property name="maven.home" value="/opt/homebrew/Cellar/maven/3.8.3/libexec"/>
    <property name="file.separator" value="/"/>
    <property name="java.version.date" value="2021-09-14"/>
    <property name="java.vendor.url.bug" value="https://github.com/Homebrew/homebrew-core/issues"/>
    <property name="sun.io.unicode.encoding" value="UnicodeBig"/>
    <property name="sun.cpu.endian" value="little"/>
    <property name="java.vendor.version" value="Homebrew"/>
    <property name="sun.stdout.encoding" value="UTF-8"/>
    <property name="socksNonProxyHosts" value="local|*.local|169.254/16|*.169.254/16"/>
    <property name="ftp.nonProxyHosts" value="local|*.local|169.254/16|*.169.254/16"/>
  </properties>
  <testcase name="testSizeShouldChangeWhenAddingElements" classname="hr.fer.oprpp1.custom.collections.LinkedListIndexedCollectionTest" time="0.009"/>
  <testcase name="testAddingNullValue" classname="hr.fer.oprpp1.custom.collections.LinkedListIndexedCollectionTest" time="0.001"/>
  <testcase name="testIndexLessThanZeroInsertMethod" classname="hr.fer.oprpp1.custom.collections.LinkedListIndexedCollectionTest" time="0"/>
  <testcase name="testIndexLessThanZeroGetMethod" classname="hr.fer.oprpp1.custom.collections.LinkedListIndexedCollectionTest" time="0"/>
  <testcase name="testToArray" classname="hr.fer.oprpp1.custom.collections.LinkedListIndexedCollectionTest" time="0"/>
  <testcase name="testCreatingCollectionFromCollection" classname="hr.fer.oprpp1.custom.collections.LinkedListIndexedCollectionTest" time="0.001"/>
  <testcase name="testIndexOfExistingElement" classname="hr.fer.oprpp1.custom.collections.LinkedListIndexedCollectionTest" time="0"/>
  <testcase name="testGetElement" classname="hr.fer.oprpp1.custom.collections.LinkedListIndexedCollectionTest" time="0"/>
  <testcase name="testIndexCrossedUpperBoundInsertMethod" classname="hr.fer.oprpp1.custom.collections.LinkedListIndexedCollectionTest" time="0"/>
  <testcase name="testClear" classname="hr.fer.oprpp1.custom.collections.LinkedListIndexedCollectionTest" time="0"/>
  <testcase name="testRemovingNonExistingElement" classname="hr.fer.oprpp1.custom.collections.LinkedListIndexedCollectionTest" time="0.001"/>
  <testcase name="testInsertElementInMiddleOfArray" classname="hr.fer.oprpp1.custom.collections.LinkedListIndexedCollectionTest" time="0"/>
  <testcase name="testIndexCrossedUpperBoundGetMethod" classname="hr.fer.oprpp1.custom.collections.LinkedListIndexedCollectionTest" time="0"/>
  <testcase name="testInsertAtArrayStart" classname="hr.fer.oprpp1.custom.collections.LinkedListIndexedCollectionTest" time="0"/>
  <testcase name="testContainsValue" classname="hr.fer.oprpp1.custom.collections.LinkedListIndexedCollectionTest" time="0"/>
  <testcase name="testIndexOfNonExistingElement" classname="hr.fer.oprpp1.custom.collections.LinkedListIndexedCollectionTest" time="0"/>
  <testcase name="testShouldRemoveOneOfMultipleEqualElements" classname="hr.fer.oprpp1.custom.collections.LinkedListIndexedCollectionTest" time="0"/>
  <testcase name="testAddingValues" classname="hr.fer.oprpp1.custom.collections.LinkedListIndexedCollectionTest" time="0.001"/>
  <testcase name="testInsertAtLastIndex" classname="hr.fer.oprpp1.custom.collections.LinkedListIndexedCollectionTest" time="0"/>
  <testcase name="testToArrayForEmptyCollection" classname="hr.fer.oprpp1.custom.collections.LinkedListIndexedCollectionTest" time="0"/>
  <testcase name="testIndexOfNull" classname="hr.fer.oprpp1.custom.collections.LinkedListIndexedCollectionTest" time="0"/>
  <testcase name="testIndexLessThanZeroRemoveMethod" classname="hr.fer.oprpp1.custom.collections.LinkedListIndexedCollectionTest" time="0"/>
  <testcase name="testDoesNotContainValue" classname="hr.fer.oprpp1.custom.collections.LinkedListIndexedCollectionTest" time="0"/>
  <testcase name="testRemoveContainedElement" classname="hr.fer.oprpp1.custom.collections.LinkedListIndexedCollectionTest" time="0"/>
  <testcase name="testIndexCrossedUpperBoundRemoveMethod" classname="hr.fer.oprpp1.custom.collections.LinkedListIndexedCollectionTest" time="0"/>
  <testcase name="testRemovingFromEmptyArray" classname="hr.fer.oprpp1.custom.collections.LinkedListIndexedCollectionTest" time="0"/>
  <testcase name="testPassedCollectionIsNull" classname="hr.fer.oprpp1.custom.collections.LinkedListIndexedCollectionTest" time="0.001"/>
  <testcase name="testInsertIntoEmptyArray" classname="hr.fer.oprpp1.custom.collections.LinkedListIndexedCollectionTest" time="0.001"/>
  <testcase name="testDefaultConstructor" classname="hr.fer.oprpp1.custom.collections.LinkedListIndexedCollectionTest" time="0"/>
</testsuite>