<?xml version="1.0" encoding="UTF-8"?>
<testsuite xmlns:xsi="http://www.w3.org/2001/XMLSchema-instance" xsi:noNamespaceSchemaLocation="https://maven.apache.org/surefire/maven-surefire-plugin/xsd/surefire-test-report.xsd" name="hr.fer.oprpp1.custom.scripting.SmartScriptExampleTests" time="0.039" tests="13" errors="3" skipped="0" failures="0">
  <properties>
    <property name="java.specification.version" value="17"/>
    <property name="sun.jnu.encoding" value="UTF-8"/>
    <property name="java.class.path" value="/Users/lovrogrguricmileusnic/Documents/FER/3. godina/OPRPP/FER_OPPRP1_HWS/hw02-0036523763/target/test-classes:/Users/lovrogrguricmileusnic/Documents/FER/3. godina/OPRPP/FER_OPPRP1_HWS/hw02-0036523763/target/classes:/Users/lovrogrguricmileusnic/.m2/repository/org/junit/jupiter/junit-jupiter/5.8.1/junit-jupiter-5.8.1.jar:/Users/lovrogrguricmileusnic/.m2/repository/org/junit/jupiter/junit-jupiter-api/5.8.1/junit-jupiter-api-5.8.1.jar:/Users/lovrogrguricmileusnic/.m2/repository/org/opentest4j/opentest4j/1.2.0/opentest4j-1.2.0.jar:/Users/lovrogrguricmileusnic/.m2/repository/org/junit/platform/junit-platform-commons/1.8.1/junit-platform-commons-1.8.1.jar:/Users/lovrogrguricmileusnic/.m2/repository/org/apiguardian/apiguardian-api/1.1.2/apiguardian-api-1.1.2.jar:/Users/lovrogrguricmileusnic/.m2/repository/org/junit/jupiter/junit-jupiter-params/5.8.1/junit-jupiter-params-5.8.1.jar:/Users/lovrogrguricmileusnic/.m2/repository/org/junit/jupiter/junit-jupiter-engine/5.8.1/junit-jupiter-engine-5.8.1.jar:/Users/lovrogrguricmileusnic/.m2/repository/org/junit/platform/junit-platform-engine/1.8.1/junit-platform-engine-1.8.1.jar:"/>
    <property name="java.vm.vendor" value="Homebrew"/>
    <property name="sun.arch.data.model" value="64"/>
    <property name="java.vendor.url" value="https://github.com/Homebrew/homebrew-core/issues"/>
    <property name="os.name" value="Mac OS X"/>
    <property name="java.vm.specification.version" value="17"/>
    <property name="sun.java.launcher" value="SUN_STANDARD"/>
    <property name="user.country" value="HR"/>
    <property name="sun.boot.library.path" value="/opt/homebrew/Cellar/openjdk/17/libexec/openjdk.jdk/Contents/Home/lib"/>
    <property name="sun.java.command" value="/Users/lovrogrguricmileusnic/Documents/FER/3. godina/OPRPP/FER_OPPRP1_HWS/hw02-0036523763/target/surefire/surefirebooter14486835265692900037.jar /Users/lovrogrguricmileusnic/Documents/FER/3. godina/OPRPP/FER_OPPRP1_HWS/hw02-0036523763/target/surefire 2021-10-24T11-49-41_277-jvmRun1 surefire15661320848799421870tmp surefire_0737118858848194023tmp"/>
    <property name="http.nonProxyHosts" value="local|*.local|169.254/16|*.169.254/16"/>
    <property name="jdk.debug" value="release"/>
    <property name="surefire.test.class.path" value="/Users/lovrogrguricmileusnic/Documents/FER/3. godina/OPRPP/FER_OPPRP1_HWS/hw02-0036523763/target/test-classes:/Users/lovrogrguricmileusnic/Documents/FER/3. godina/OPRPP/FER_OPPRP1_HWS/hw02-0036523763/target/classes:/Users/lovrogrguricmileusnic/.m2/repository/org/junit/jupiter/junit-jupiter/5.8.1/junit-jupiter-5.8.1.jar:/Users/lovrogrguricmileusnic/.m2/repository/org/junit/jupiter/junit-jupiter-api/5.8.1/junit-jupiter-api-5.8.1.jar:/Users/lovrogrguricmileusnic/.m2/repository/org/opentest4j/opentest4j/1.2.0/opentest4j-1.2.0.jar:/Users/lovrogrguricmileusnic/.m2/repository/org/junit/platform/junit-platform-commons/1.8.1/junit-platform-commons-1.8.1.jar:/Users/lovrogrguricmileusnic/.m2/repository/org/apiguardian/apiguardian-api/1.1.2/apiguardian-api-1.1.2.jar:/Users/lovrogrguricmileusnic/.m2/repository/org/junit/jupiter/junit-jupiter-params/5.8.1/junit-jupiter-params-5.8.1.jar:/Users/lovrogrguricmileusnic/.m2/repository/org/junit/jupiter/junit-jupiter-engine/5.8.1/junit-jupiter-engine-5.8.1.jar:/Users/lovrogrguricmileusnic/.m2/repository/org/junit/platform/junit-platform-engine/1.8.1/junit-platform-engine-1.8.1.jar:"/>
    <property name="sun.cpu.endian" value="little"/>
    <property name="user.home" value="/Users/lovrogrguricmileusnic"/>
    <property name="user.language" value="en"/>
    <property name="java.specification.vendor" value="Oracle Corporation"/>
    <property name="java.version.date" value="2021-09-14"/>
    <property name="java.home" value="/opt/homebrew/Cellar/openjdk/17/libexec/openjdk.jdk/Contents/Home"/>
    <property name="file.separator" value="/"/>
    <property name="basedir" value="/Users/lovrogrguricmileusnic/Documents/FER/3. godina/OPRPP/FER_OPPRP1_HWS/hw02-0036523763"/>
    <property name="java.vm.compressedOopsMode" value="Zero based"/>
    <property name="line.separator" value="&#10;"/>
    <property name="java.specification.name" value="Java Platform API Specification"/>
    <property name="java.vm.specification.vendor" value="Oracle Corporation"/>
    <property name="surefire.real.class.path" value="/Users/lovrogrguricmileusnic/Documents/FER/3. godina/OPRPP/FER_OPPRP1_HWS/hw02-0036523763/target/surefire/surefirebooter14486835265692900037.jar"/>
    <property name="sun.management.compiler" value="HotSpot 64-Bit Tiered Compilers"/>
    <property name="ftp.nonProxyHosts" value="local|*.local|169.254/16|*.169.254/16"/>
    <property name="java.runtime.version" value="17+0"/>
    <property name="user.name" value="lovrogrguricmileusnic"/>
    <property name="path.separator" value=":"/>
    <property name="os.version" value="11.6"/>
    <property name="java.runtime.name" value="OpenJDK Runtime Environment"/>
    <property name="file.encoding" value="UTF-8"/>
    <property name="java.vm.name" value="OpenJDK 64-Bit Server VM"/>
    <property name="java.vendor.version" value="Homebrew"/>
    <property name="localRepository" value="/Users/lovrogrguricmileusnic/.m2/repository"/>
    <property name="java.vendor.url.bug" value="https://github.com/Homebrew/homebrew-core/issues"/>
    <property name="java.io.tmpdir" value="/var/folders/g2/yss8rx9j3ms58xpj_nxj99bw0000gn/T/"/>
    <property name="java.version" value="17"/>
    <property name="user.dir" value="/Users/lovrogrguricmileusnic/Documents/FER/3. godina/OPRPP/FER_OPPRP1_HWS/hw02-0036523763"/>
    <property name="os.arch" value="aarch64"/>
    <property name="java.vm.specification.name" value="Java Virtual Machine Specification"/>
    <property name="native.encoding" value="UTF-8"/>
    <property name="java.library.path" value="/Users/lovrogrguricmileusnic/Library/Java/Extensions:/Library/Java/Extensions:/Network/Library/Java/Extensions:/System/Library/Java/Extensions:/usr/lib/java:."/>
    <property name="java.vm.info" value="mixed mode, sharing"/>
    <property name="java.vendor" value="Homebrew"/>
    <property name="java.vm.version" value="17+0"/>
    <property name="sun.io.unicode.encoding" value="UnicodeBig"/>
    <property name="socksNonProxyHosts" value="local|*.local|169.254/16|*.169.254/16"/>
    <property name="java.class.version" value="61.0"/>
  </properties>
  <testcase name="testExtra1" classname="hr.fer.oprpp1.custom.scripting.SmartScriptExampleTests" time="0.011"/>
  <testcase name="testExtra2" classname="hr.fer.oprpp1.custom.scripting.SmartScriptExampleTests" time="0"/>
  <testcase name="testExtra3" classname="hr.fer.oprpp1.custom.scripting.SmartScriptExampleTests" time="0"/>
  <testcase name="testExtra4" classname="hr.fer.oprpp1.custom.scripting.SmartScriptExampleTests" time="0.001"/>
  <testcase name="testExtra5" classname="hr.fer.oprpp1.custom.scripting.SmartScriptExampleTests" time="0"/>
  <testcase name="testExtra6" classname="hr.fer.oprpp1.custom.scripting.SmartScriptExampleTests" time="0.002"/>
  <testcase name="testExtra7" classname="hr.fer.oprpp1.custom.scripting.SmartScriptExampleTests" time="0.001"/>
  <testcase name="testExtra8" classname="hr.fer.oprpp1.custom.scripting.SmartScriptExampleTests" time="0.001"/>
  <testcase name="testExtra9" classname="hr.fer.oprpp1.custom.scripting.SmartScriptExampleTests" time="0"/>
  <testcase name="testDocument1" classname="hr.fer.oprpp1.custom.scripting.SmartScriptExampleTests" time="0.008"/>
  <testcase name="testDocument2" classname="hr.fer.oprpp1.custom.scripting.SmartScriptExampleTests" time="0.004">
    <error message="Datoteka extra/document2.txt je nedostupna." type="java.lang.RuntimeException">java.lang.RuntimeException: Datoteka extra/document2.txt je nedostupna.
	at hr.fer.oprpp1.custom.scripting.SmartScriptExampleTests.readExampleFromResources(SmartScriptExampleTests.java:153)
	at hr.fer.oprpp1.custom.scripting.SmartScriptExampleTests.testDocument2(SmartScriptExampleTests.java:106)
</error>
  </testcase>
  <testcase name="testDocument3" classname="hr.fer.oprpp1.custom.scripting.SmartScriptExampleTests" time="0">
    <error message="Datoteka extra/document3.txt je nedostupna." type="java.lang.RuntimeException">java.lang.RuntimeException: Datoteka extra/document3.txt je nedostupna.
	at hr.fer.oprpp1.custom.scripting.SmartScriptExampleTests.readExampleFromResources(SmartScriptExampleTests.java:153)
	at hr.fer.oprpp1.custom.scripting.SmartScriptExampleTests.testDocument3(SmartScriptExampleTests.java:118)
</error>
  </testcase>
  <testcase name="testDocument4" classname="hr.fer.oprpp1.custom.scripting.SmartScriptExampleTests" time="0.004">
    <error message="Datoteka extra/document4.txt je nedostupna." type="java.lang.RuntimeException">java.lang.RuntimeException: Datoteka extra/document4.txt je nedostupna.
	at hr.fer.oprpp1.custom.scripting.SmartScriptExampleTests.readExampleFromResources(SmartScriptExampleTests.java:153)
	at hr.fer.oprpp1.custom.scripting.SmartScriptExampleTests.testDocument4(SmartScriptExampleTests.java:130)
</error>
  </testcase>
</testsuite>