<?xml version="1.0" encoding="UTF-8"?>
<testsuite xmlns:xsi="http://www.w3.org/2001/XMLSchema-instance" xsi:schemaLocation="https://maven.apache.org/surefire/maven-surefire-plugin/xsd/surefire-test-report.xsd" name="hr.fer.zemris.java.hw03.prob1.Prob1Test" time="0.002" tests="24" errors="0" skipped="0" failures="0">
  <properties>
    <property name="java.runtime.name" value="OpenJDK Runtime Environment"/>
    <property name="java.vm.version" value="17+0"/>
    <property name="sun.boot.library.path" value="/opt/homebrew/Cellar/openjdk/17/libexec/openjdk.jdk/Contents/Home/lib"/>
    <property name="maven.multiModuleProjectDirectory" value="/Users/lovrogrguricmileusnic/Documents/FER/3. godina/OPRPP/FER_OPPRP1_HWS/hw02-0036523763"/>
    <property name="java.vm.vendor" value="Homebrew"/>
    <property name="java.vendor.url" value="https://github.com/Homebrew/homebrew-core/issues"/>
    <property name="guice.disable.misplaced.annotation.check" value="true"/>
    <property name="path.separator" value=":"/>
    <property name="java.vm.name" value="OpenJDK 64-Bit Server VM"/>
    <property name="user.country" value="HR"/>
    <property name="sun.java.launcher" value="SUN_STANDARD"/>
    <property name="java.vm.specification.name" value="Java Virtual Machine Specification"/>
    <property name="user.dir" value="/Users/lovrogrguricmileusnic/Documents/FER/3. godina/OPRPP/FER_OPPRP1_HWS/hw02-0036523763"/>
    <property name="java.vm.compressedOopsMode" value="Zero based"/>
    <property name="java.runtime.version" value="17+0"/>
    <property name="os.arch" value="aarch64"/>
    <property name="java.io.tmpdir" value="/var/folders/g2/yss8rx9j3ms58xpj_nxj99bw0000gn/T/"/>
    <property name="line.separator" value="&#10;"/>
    <property name="java.vm.specification.vendor" value="Oracle Corporation"/>
    <property name="os.name" value="Mac OS X"/>
    <property name="classworlds.conf" value="/opt/homebrew/Cellar/maven/3.8.3/libexec/bin/m2.conf"/>
    <property name="sun.jnu.encoding" value="UTF-8"/>
    <property name="java.library.path" value="/Users/lovrogrguricmileusnic/Library/Java/Extensions:/Library/Java/Extensions:/Network/Library/Java/Extensions:/System/Library/Java/Extensions:/usr/lib/java:."/>
    <property name="maven.conf" value="/opt/homebrew/Cellar/maven/3.8.3/libexec/conf"/>
    <property name="jdk.debug" value="release"/>
    <property name="java.class.version" value="61.0"/>
    <property name="java.specification.name" value="Java Platform API Specification"/>
    <property name="sun.management.compiler" value="HotSpot 64-Bit Tiered Compilers"/>
    <property name="os.version" value="11.6"/>
    <property name="library.jansi.path" value="/opt/homebrew/Cellar/maven/3.8.3/libexec/lib/jansi-native"/>
    <property name="http.nonProxyHosts" value="local|*.local|169.254/16|*.169.254/16"/>
    <property name="user.home" value="/Users/lovrogrguricmileusnic"/>
    <property name="user.timezone" value="Europe/Zagreb"/>
    <property name="file.encoding" value="UTF-8"/>
    <property name="java.specification.version" value="17"/>
    <property name="user.name" value="lovrogrguricmileusnic"/>
    <property name="java.class.path" value="/opt/homebrew/Cellar/maven/3.8.3/libexec/boot/plexus-classworlds-2.6.0.jar"/>
    <property name="java.vm.specification.version" value="17"/>
    <property name="sun.arch.data.model" value="64"/>
    <property name="sun.java.command" value="org.codehaus.plexus.classworlds.launcher.Launcher test -e"/>
    <property name="java.home" value="/opt/homebrew/Cellar/openjdk/17/libexec/openjdk.jdk/Contents/Home"/>
    <property name="user.language" value="en"/>
    <property name="java.specification.vendor" value="Oracle Corporation"/>
    <property name="java.vm.info" value="mixed mode, sharing"/>
    <property name="java.version" value="17"/>
    <property name="native.encoding" value="UTF-8"/>
    <property name="java.vendor" value="Homebrew"/>
    <property name="sun.stderr.encoding" value="UTF-8"/>
    <property name="maven.home" value="/opt/homebrew/Cellar/maven/3.8.3/libexec"/>
    <property name="file.separator" value="/"/>
    <property name="java.version.date" value="2021-09-14"/>
    <property name="java.vendor.url.bug" value="https://github.com/Homebrew/homebrew-core/issues"/>
    <property name="sun.io.unicode.encoding" value="UnicodeBig"/>
    <property name="sun.cpu.endian" value="little"/>
    <property name="java.vendor.version" value="Homebrew"/>
    <property name="sun.stdout.encoding" value="UTF-8"/>
    <property name="socksNonProxyHosts" value="local|*.local|169.254/16|*.169.254/16"/>
    <property name="ftp.nonProxyHosts" value="local|*.local|169.254/16|*.169.254/16"/>
  </properties>
  <testcase name="hr.fer.zemris.java.hw03.prob1.Prob1Test.testNotNull" classname="hr.fer.zemris.java.hw03.prob1.Prob1Test" time="0"/>
  <testcase name="hr.fer.zemris.java.hw03.prob1.Prob1Test.testNullInput" classname="hr.fer.zemris.java.hw03.prob1.Prob1Test" time="0"/>
  <testcase name="hr.fer.zemris.java.hw03.prob1.Prob1Test.testEmpty" classname="hr.fer.zemris.java.hw03.prob1.Prob1Test" time="0"/>
  <testcase name="hr.fer.zemris.java.hw03.prob1.Prob1Test.testGetReturnsLastNext" classname="hr.fer.zemris.java.hw03.prob1.Prob1Test" time="0"/>
  <testcase name="hr.fer.zemris.java.hw03.prob1.Prob1Test.testRadAfterEOF" classname="hr.fer.zemris.java.hw03.prob1.Prob1Test" time="0"/>
  <testcase name="hr.fer.zemris.java.hw03.prob1.Prob1Test.testNoActualContent" classname="hr.fer.zemris.java.hw03.prob1.Prob1Test" time="0"/>
  <testcase name="hr.fer.zemris.java.hw03.prob1.Prob1Test.testTwoWords" classname="hr.fer.zemris.java.hw03.prob1.Prob1Test" time="0"/>
  <testcase name="hr.fer.zemris.java.hw03.prob1.Prob1Test.testWordStartingWithEscape" classname="hr.fer.zemris.java.hw03.prob1.Prob1Test" time="0"/>
  <testcase name="hr.fer.zemris.java.hw03.prob1.Prob1Test.testInvalidEscapeEnding" classname="hr.fer.zemris.java.hw03.prob1.Prob1Test" time="0"/>
  <testcase name="hr.fer.zemris.java.hw03.prob1.Prob1Test.testInvalidEscape" classname="hr.fer.zemris.java.hw03.prob1.Prob1Test" time="0"/>
  <testcase name="hr.fer.zemris.java.hw03.prob1.Prob1Test.testSingleEscapedDigit" classname="hr.fer.zemris.java.hw03.prob1.Prob1Test" time="0"/>
  <testcase name="hr.fer.zemris.java.hw03.prob1.Prob1Test.testWordWithManyEscapes" classname="hr.fer.zemris.java.hw03.prob1.Prob1Test" time="0"/>
  <testcase name="hr.fer.zemris.java.hw03.prob1.Prob1Test.testTwoNumbers" classname="hr.fer.zemris.java.hw03.prob1.Prob1Test" time="0"/>
  <testcase name="hr.fer.zemris.java.hw03.prob1.Prob1Test.testTooBigNumber" classname="hr.fer.zemris.java.hw03.prob1.Prob1Test" time="0"/>
  <testcase name="hr.fer.zemris.java.hw03.prob1.Prob1Test.testWordWithManyEscapesAndNumbers" classname="hr.fer.zemris.java.hw03.prob1.Prob1Test" time="0"/>
  <testcase name="hr.fer.zemris.java.hw03.prob1.Prob1Test.testSomeSymbols" classname="hr.fer.zemris.java.hw03.prob1.Prob1Test" time="0"/>
  <testcase name="hr.fer.zemris.java.hw03.prob1.Prob1Test.testCombinedInput" classname="hr.fer.zemris.java.hw03.prob1.Prob1Test" time="0"/>
  <testcase name="hr.fer.zemris.java.hw03.prob1.Prob1Test.testNullState" classname="hr.fer.zemris.java.hw03.prob1.Prob1Test" time="0"/>
  <testcase name="hr.fer.zemris.java.hw03.prob1.Prob1Test.testNotNullInExtended" classname="hr.fer.zemris.java.hw03.prob1.Prob1Test" time="0"/>
  <testcase name="hr.fer.zemris.java.hw03.prob1.Prob1Test.testEmptyInExtended" classname="hr.fer.zemris.java.hw03.prob1.Prob1Test" time="0"/>
  <testcase name="hr.fer.zemris.java.hw03.prob1.Prob1Test.testGetReturnsLastNextInExtended" classname="hr.fer.zemris.java.hw03.prob1.Prob1Test" time="0"/>
  <testcase name="hr.fer.zemris.java.hw03.prob1.Prob1Test.testRadAfterEOFInExtended" classname="hr.fer.zemris.java.hw03.prob1.Prob1Test" time="0"/>
  <testcase name="hr.fer.zemris.java.hw03.prob1.Prob1Test.testNoActualContentInExtended" classname="hr.fer.zemris.java.hw03.prob1.Prob1Test" time="0"/>
  <testcase name="hr.fer.zemris.java.hw03.prob1.Prob1Test.testMultipartInput" classname="hr.fer.zemris.java.hw03.prob1.Prob1Test" time="0.001"/>
</testsuite>