<?xml version="1.0" encoding="UTF-8"?>
<testsuite xmlns:xsi="http://www.w3.org/2001/XMLSchema-instance" xsi:schemaLocation="https://maven.apache.org/surefire/maven-surefire-plugin/xsd/surefire-test-report.xsd" name="hr.fer.oprpp1.custom.collections.LinkedListIndexedCollectionTest" time="0.017" tests="29" errors="0" skipped="0" failures="24">
  <properties>
    <property name="java.runtime.name" value="OpenJDK Runtime Environment"/>
    <property name="java.vm.version" value="17+0"/>
    <property name="sun.boot.library.path" value="/opt/homebrew/Cellar/openjdk/17/libexec/openjdk.jdk/Contents/Home/lib"/>
    <property name="maven.multiModuleProjectDirectory" value="/Users/lovrogrguricmileusnic/Documents/FER/3. godina/OPRPP/FER_OPPRP1_HWS/hw02-0036523763"/>
    <property name="java.vm.vendor" value="Homebrew"/>
    <property name="java.vendor.url" value="https://github.com/Homebrew/homebrew-core/issues"/>
    <property name="guice.disable.misplaced.annotation.check" value="true"/>
    <property name="path.separator" value=":"/>
    <property name="java.vm.name" value="OpenJDK 64-Bit Server VM"/>
    <property name="user.country" value="HR"/>
    <property name="sun.java.launcher" value="SUN_STANDARD"/>
    <property name="java.vm.specification.name" value="Java Virtual Machine Specification"/>
    <property name="user.dir" value="/Users/lovrogrguricmileusnic/Documents/FER/3. godina/OPRPP/FER_OPPRP1_HWS/hw02-0036523763"/>
    <property name="java.vm.compressedOopsMode" value="Zero based"/>
    <property name="java.runtime.version" value="17+0"/>
    <property name="os.arch" value="aarch64"/>
    <property name="java.io.tmpdir" value="/var/folders/g2/yss8rx9j3ms58xpj_nxj99bw0000gn/T/"/>
    <property name="line.separator" value="&#10;"/>
    <property name="java.vm.specification.vendor" value="Oracle Corporation"/>
    <property name="os.name" value="Mac OS X"/>
    <property name="classworlds.conf" value="/opt/homebrew/Cellar/maven/3.8.3/libexec/bin/m2.conf"/>
    <property name="sun.jnu.encoding" value="UTF-8"/>
    <property name="java.library.path" value="/Users/lovrogrguricmileusnic/Library/Java/Extensions:/Library/Java/Extensions:/Network/Library/Java/Extensions:/System/Library/Java/Extensions:/usr/lib/java:."/>
    <property name="maven.conf" value="/opt/homebrew/Cellar/maven/3.8.3/libexec/conf"/>
    <property name="jdk.debug" value="release"/>
    <property name="java.class.version" value="61.0"/>
    <property name="java.specification.name" value="Java Platform API Specification"/>
    <property name="sun.management.compiler" value="HotSpot 64-Bit Tiered Compilers"/>
    <property name="os.version" value="11.6"/>
    <property name="library.jansi.path" value="/opt/homebrew/Cellar/maven/3.8.3/libexec/lib/jansi-native"/>
    <property name="http.nonProxyHosts" value="local|*.local|169.254/16|*.169.254/16"/>
    <property name="user.home" value="/Users/lovrogrguricmileusnic"/>
    <property name="user.timezone" value="Europe/Zagreb"/>
    <property name="file.encoding" value="UTF-8"/>
    <property name="java.specification.version" value="17"/>
    <property name="user.name" value="lovrogrguricmileusnic"/>
    <property name="java.class.path" value="/opt/homebrew/Cellar/maven/3.8.3/libexec/boot/plexus-classworlds-2.6.0.jar"/>
    <property name="java.vm.specification.version" value="17"/>
    <property name="sun.arch.data.model" value="64"/>
    <property name="sun.java.command" value="org.codehaus.plexus.classworlds.launcher.Launcher test -e"/>
    <property name="java.home" value="/opt/homebrew/Cellar/openjdk/17/libexec/openjdk.jdk/Contents/Home"/>
    <property name="user.language" value="en"/>
    <property name="java.specification.vendor" value="Oracle Corporation"/>
    <property name="java.vm.info" value="mixed mode, sharing"/>
    <property name="java.version" value="17"/>
    <property name="native.encoding" value="UTF-8"/>
    <property name="java.vendor" value="Homebrew"/>
    <property name="sun.stderr.encoding" value="UTF-8"/>
    <property name="maven.home" value="/opt/homebrew/Cellar/maven/3.8.3/libexec"/>
    <property name="file.separator" value="/"/>
    <property name="java.version.date" value="2021-09-14"/>
    <property name="java.vendor.url.bug" value="https://github.com/Homebrew/homebrew-core/issues"/>
    <property name="sun.io.unicode.encoding" value="UnicodeBig"/>
    <property name="sun.cpu.endian" value="little"/>
    <property name="java.vendor.version" value="Homebrew"/>
    <property name="sun.stdout.encoding" value="UTF-8"/>
    <property name="socksNonProxyHosts" value="local|*.local|169.254/16|*.169.254/16"/>
    <property name="ftp.nonProxyHosts" value="local|*.local|169.254/16|*.169.254/16"/>
  </properties>
  <testcase name="hr.fer.oprpp1.custom.collections.LinkedListIndexedCollectionTest.testDefaultConstructor" classname="hr.fer.oprpp1.custom.collections.LinkedListIndexedCollectionTest" time="0.001"/>
  <testcase name="hr.fer.oprpp1.custom.collections.LinkedListIndexedCollectionTest.testPassedCollectionIsNull" classname="hr.fer.oprpp1.custom.collections.LinkedListIndexedCollectionTest" time="0.002"/>
  <testcase name="hr.fer.oprpp1.custom.collections.LinkedListIndexedCollectionTest.testCreatingCollectionFromCollection" classname="hr.fer.oprpp1.custom.collections.LinkedListIndexedCollectionTest" time="0.005">
    <failure message="expected: &lt;null&gt; but was: &lt;hr.fer.oprpp1.custom.collections.LinkedListIndexedCollection@4cdf35a9&gt;" type="org.opentest4j.AssertionFailedError"><![CDATA[org.opentest4j.AssertionFailedError: expected: <null> but was: <hr.fer.oprpp1.custom.collections.LinkedListIndexedCollection@4cdf35a9>
	at org.junit.jupiter.api.AssertionUtils.fail(AssertionUtils.java:55)
	at org.junit.jupiter.api.AssertionUtils.failNotEqual(AssertionUtils.java:62)
	at org.junit.jupiter.api.AssertEquals.assertEquals(AssertEquals.java:182)
	at org.junit.jupiter.api.AssertEquals.assertEquals(AssertEquals.java:177)
	at org.junit.jupiter.api.Assertions.assertEquals(Assertions.java:1141)
	at hr.fer.oprpp1.custom.collections.LinkedListIndexedCollectionTest.testCreatingCollectionFromCollection(LinkedListIndexedCollectionTest.java:34)
]]></failure>
  </testcase>
  <testcase name="hr.fer.oprpp1.custom.collections.LinkedListIndexedCollectionTest.testToArray" classname="hr.fer.oprpp1.custom.collections.LinkedListIndexedCollectionTest" time="0">
    <failure message="Cannot invoke &quot;hr.fer.oprpp1.custom.collections.LinkedListIndexedCollection.toArray()&quot; because &quot;this.testCollection&quot; is null" type="java.lang.NullPointerException">java.lang.NullPointerException: Cannot invoke "hr.fer.oprpp1.custom.collections.LinkedListIndexedCollection.toArray()" because "this.testCollection" is null
	at hr.fer.oprpp1.custom.collections.LinkedListIndexedCollectionTest.testToArray(LinkedListIndexedCollectionTest.java:39)
</failure>
  </testcase>
  <testcase name="hr.fer.oprpp1.custom.collections.LinkedListIndexedCollectionTest.testToArrayForEmptyCollection" classname="hr.fer.oprpp1.custom.collections.LinkedListIndexedCollectionTest" time="0"/>
  <testcase name="hr.fer.oprpp1.custom.collections.LinkedListIndexedCollectionTest.testAddingNullValue" classname="hr.fer.oprpp1.custom.collections.LinkedListIndexedCollectionTest" time="0.001"/>
  <testcase name="hr.fer.oprpp1.custom.collections.LinkedListIndexedCollectionTest.testSizeShouldChangeWhenAddingElements" classname="hr.fer.oprpp1.custom.collections.LinkedListIndexedCollectionTest" time="0">
    <failure message="Cannot invoke &quot;hr.fer.oprpp1.custom.collections.LinkedListIndexedCollection.add(Object)&quot; because &quot;this.testCollection&quot; is null" type="java.lang.NullPointerException">java.lang.NullPointerException: Cannot invoke "hr.fer.oprpp1.custom.collections.LinkedListIndexedCollection.add(Object)" because "this.testCollection" is null
	at hr.fer.oprpp1.custom.collections.LinkedListIndexedCollectionTest.testSizeShouldChangeWhenAddingElements(LinkedListIndexedCollectionTest.java:56)
</failure>
  </testcase>
  <testcase name="hr.fer.oprpp1.custom.collections.LinkedListIndexedCollectionTest.testAddingValues" classname="hr.fer.oprpp1.custom.collections.LinkedListIndexedCollectionTest" time="0.001">
    <failure message="expected: &lt;null&gt; but was: &lt;hr.fer.oprpp1.custom.collections.LinkedListIndexedCollection@7dc5e7b4&gt;" type="org.opentest4j.AssertionFailedError"><![CDATA[org.opentest4j.AssertionFailedError: expected: <null> but was: <hr.fer.oprpp1.custom.collections.LinkedListIndexedCollection@7dc5e7b4>
	at org.junit.jupiter.api.AssertionUtils.fail(AssertionUtils.java:55)
	at org.junit.jupiter.api.AssertionUtils.failNotEqual(AssertionUtils.java:62)
	at org.junit.jupiter.api.AssertEquals.assertEquals(AssertEquals.java:182)
	at org.junit.jupiter.api.AssertEquals.assertEquals(AssertEquals.java:177)
	at org.junit.jupiter.api.Assertions.assertEquals(Assertions.java:1141)
	at hr.fer.oprpp1.custom.collections.LinkedListIndexedCollectionTest.testAddingValues(LinkedListIndexedCollectionTest.java:67)
]]></failure>
  </testcase>
  <testcase name="hr.fer.oprpp1.custom.collections.LinkedListIndexedCollectionTest.testContainsValue" classname="hr.fer.oprpp1.custom.collections.LinkedListIndexedCollectionTest" time="0">
    <failure message="Cannot invoke &quot;hr.fer.oprpp1.custom.collections.LinkedListIndexedCollection.contains(Object)&quot; because &quot;this.testCollection&quot; is null" type="java.lang.NullPointerException">java.lang.NullPointerException: Cannot invoke "hr.fer.oprpp1.custom.collections.LinkedListIndexedCollection.contains(Object)" because "this.testCollection" is null
	at hr.fer.oprpp1.custom.collections.LinkedListIndexedCollectionTest.testContainsValue(LinkedListIndexedCollectionTest.java:72)
</failure>
  </testcase>
  <testcase name="hr.fer.oprpp1.custom.collections.LinkedListIndexedCollectionTest.testDoesNotContainValue" classname="hr.fer.oprpp1.custom.collections.LinkedListIndexedCollectionTest" time="0">
    <failure message="Cannot invoke &quot;hr.fer.oprpp1.custom.collections.LinkedListIndexedCollection.contains(Object)&quot; because &quot;this.testCollection&quot; is null" type="java.lang.NullPointerException">java.lang.NullPointerException: Cannot invoke "hr.fer.oprpp1.custom.collections.LinkedListIndexedCollection.contains(Object)" because "this.testCollection" is null
	at hr.fer.oprpp1.custom.collections.LinkedListIndexedCollectionTest.testDoesNotContainValue(LinkedListIndexedCollectionTest.java:77)
</failure>
  </testcase>
  <testcase name="hr.fer.oprpp1.custom.collections.LinkedListIndexedCollectionTest.testRemoveContainedElement" classname="hr.fer.oprpp1.custom.collections.LinkedListIndexedCollectionTest" time="0.001">
    <failure message="Cannot invoke &quot;hr.fer.oprpp1.custom.collections.Collection.forEach(hr.fer.oprpp1.custom.collections.Processor)&quot; because &quot;other&quot; is null" type="java.lang.NullPointerException">java.lang.NullPointerException: Cannot invoke "hr.fer.oprpp1.custom.collections.Collection.forEach(hr.fer.oprpp1.custom.collections.Processor)" because "other" is null
	at hr.fer.oprpp1.custom.collections.Collection.addAll(Collection.java:85)
	at hr.fer.oprpp1.custom.collections.LinkedListIndexedCollectionTest.testRemoveContainedElement(LinkedListIndexedCollectionTest.java:83)
</failure>
  </testcase>
  <testcase name="hr.fer.oprpp1.custom.collections.LinkedListIndexedCollectionTest.testShouldRemoveOneOfMultipleEqualElements" classname="hr.fer.oprpp1.custom.collections.LinkedListIndexedCollectionTest" time="0">
    <failure message="Cannot invoke &quot;hr.fer.oprpp1.custom.collections.Collection.forEach(hr.fer.oprpp1.custom.collections.Processor)&quot; because &quot;other&quot; is null" type="java.lang.NullPointerException">java.lang.NullPointerException: Cannot invoke "hr.fer.oprpp1.custom.collections.Collection.forEach(hr.fer.oprpp1.custom.collections.Processor)" because "other" is null
	at hr.fer.oprpp1.custom.collections.Collection.addAll(Collection.java:85)
	at hr.fer.oprpp1.custom.collections.LinkedListIndexedCollectionTest.testShouldRemoveOneOfMultipleEqualElements(LinkedListIndexedCollectionTest.java:91)
</failure>
  </testcase>
  <testcase name="hr.fer.oprpp1.custom.collections.LinkedListIndexedCollectionTest.testRemovingNonExistingElement" classname="hr.fer.oprpp1.custom.collections.LinkedListIndexedCollectionTest" time="0">
    <failure message="Cannot invoke &quot;hr.fer.oprpp1.custom.collections.Collection.forEach(hr.fer.oprpp1.custom.collections.Processor)&quot; because &quot;other&quot; is null" type="java.lang.NullPointerException">java.lang.NullPointerException: Cannot invoke "hr.fer.oprpp1.custom.collections.Collection.forEach(hr.fer.oprpp1.custom.collections.Processor)" because "other" is null
	at hr.fer.oprpp1.custom.collections.Collection.addAll(Collection.java:85)
	at hr.fer.oprpp1.custom.collections.LinkedListIndexedCollectionTest.testRemovingNonExistingElement(LinkedListIndexedCollectionTest.java:103)
</failure>
  </testcase>
  <testcase name="hr.fer.oprpp1.custom.collections.LinkedListIndexedCollectionTest.testRemovingFromEmptyArray" classname="hr.fer.oprpp1.custom.collections.LinkedListIndexedCollectionTest" time="0.001">
    <failure message="Cannot invoke &quot;hr.fer.oprpp1.custom.collections.LinkedListIndexedCollection.clear()&quot; because &quot;this.testCollection&quot; is null" type="java.lang.NullPointerException">java.lang.NullPointerException: Cannot invoke "hr.fer.oprpp1.custom.collections.LinkedListIndexedCollection.clear()" because "this.testCollection" is null
	at hr.fer.oprpp1.custom.collections.LinkedListIndexedCollectionTest.testRemovingFromEmptyArray(LinkedListIndexedCollectionTest.java:110)
</failure>
  </testcase>
  <testcase name="hr.fer.oprpp1.custom.collections.LinkedListIndexedCollectionTest.testIndexLessThanZeroRemoveMethod" classname="hr.fer.oprpp1.custom.collections.LinkedListIndexedCollectionTest" time="0">
    <failure message="Unexpected exception type thrown ==&gt; expected: &lt;java.lang.IndexOutOfBoundsException&gt; but was: &lt;java.lang.NullPointerException&gt;" type="org.opentest4j.AssertionFailedError"><![CDATA[org.opentest4j.AssertionFailedError: Unexpected exception type thrown ==> expected: <java.lang.IndexOutOfBoundsException> but was: <java.lang.NullPointerException>
	at org.junit.jupiter.api.AssertThrows.assertThrows(AssertThrows.java:65)
	at org.junit.jupiter.api.AssertThrows.assertThrows(AssertThrows.java:37)
	at org.junit.jupiter.api.Assertions.assertThrows(Assertions.java:3082)
	at hr.fer.oprpp1.custom.collections.LinkedListIndexedCollectionTest.testIndexLessThanZeroRemoveMethod(LinkedListIndexedCollectionTest.java:118)
Caused by: java.lang.NullPointerException: Cannot invoke "hr.fer.oprpp1.custom.collections.LinkedListIndexedCollection.remove(int)" because "this.testCollection" is null
	at hr.fer.oprpp1.custom.collections.LinkedListIndexedCollectionTest.lambda$testIndexLessThanZeroRemoveMethod$2(LinkedListIndexedCollectionTest.java:118)
	at org.junit.jupiter.api.AssertThrows.assertThrows(AssertThrows.java:55)
	... 15 more
]]></failure>
  </testcase>
  <testcase name="hr.fer.oprpp1.custom.collections.LinkedListIndexedCollectionTest.testIndexCrossedUpperBoundRemoveMethod" classname="hr.fer.oprpp1.custom.collections.LinkedListIndexedCollectionTest" time="0.001">
    <failure message="Unexpected exception type thrown ==&gt; expected: &lt;java.lang.IndexOutOfBoundsException&gt; but was: &lt;java.lang.NullPointerException&gt;" type="org.opentest4j.AssertionFailedError"><![CDATA[org.opentest4j.AssertionFailedError: Unexpected exception type thrown ==> expected: <java.lang.IndexOutOfBoundsException> but was: <java.lang.NullPointerException>
	at org.junit.jupiter.api.AssertThrows.assertThrows(AssertThrows.java:65)
	at org.junit.jupiter.api.AssertThrows.assertThrows(AssertThrows.java:37)
	at org.junit.jupiter.api.Assertions.assertThrows(Assertions.java:3082)
	at hr.fer.oprpp1.custom.collections.LinkedListIndexedCollectionTest.testIndexCrossedUpperBoundRemoveMethod(LinkedListIndexedCollectionTest.java:123)
Caused by: java.lang.NullPointerException: Cannot invoke "hr.fer.oprpp1.custom.collections.LinkedListIndexedCollection.remove(int)" because "this.testCollection" is null
	at hr.fer.oprpp1.custom.collections.LinkedListIndexedCollectionTest.lambda$testIndexCrossedUpperBoundRemoveMethod$3(LinkedListIndexedCollectionTest.java:123)
	at org.junit.jupiter.api.AssertThrows.assertThrows(AssertThrows.java:55)
	... 15 more
]]></failure>
  </testcase>
  <testcase name="hr.fer.oprpp1.custom.collections.LinkedListIndexedCollectionTest.testClear" classname="hr.fer.oprpp1.custom.collections.LinkedListIndexedCollectionTest" time="0">
    <failure message="Cannot invoke &quot;hr.fer.oprpp1.custom.collections.LinkedListIndexedCollection.clear()&quot; because &quot;this.testCollection&quot; is null" type="java.lang.NullPointerException">java.lang.NullPointerException: Cannot invoke "hr.fer.oprpp1.custom.collections.LinkedListIndexedCollection.clear()" because "this.testCollection" is null
	at hr.fer.oprpp1.custom.collections.LinkedListIndexedCollectionTest.testClear(LinkedListIndexedCollectionTest.java:128)
</failure>
  </testcase>
  <testcase name="hr.fer.oprpp1.custom.collections.LinkedListIndexedCollectionTest.testGetElement" classname="hr.fer.oprpp1.custom.collections.LinkedListIndexedCollectionTest" time="0">
    <failure message="Cannot invoke &quot;hr.fer.oprpp1.custom.collections.LinkedListIndexedCollection.add(Object)&quot; because &quot;this.testCollection&quot; is null" type="java.lang.NullPointerException">java.lang.NullPointerException: Cannot invoke "hr.fer.oprpp1.custom.collections.LinkedListIndexedCollection.add(Object)" because "this.testCollection" is null
	at hr.fer.oprpp1.custom.collections.LinkedListIndexedCollectionTest.testGetElement(LinkedListIndexedCollectionTest.java:134)
</failure>
  </testcase>
  <testcase name="hr.fer.oprpp1.custom.collections.LinkedListIndexedCollectionTest.testIndexLessThanZeroGetMethod" classname="hr.fer.oprpp1.custom.collections.LinkedListIndexedCollectionTest" time="0">
    <failure message="Unexpected exception type thrown ==&gt; expected: &lt;java.lang.IndexOutOfBoundsException&gt; but was: &lt;java.lang.NullPointerException&gt;" type="org.opentest4j.AssertionFailedError"><![CDATA[org.opentest4j.AssertionFailedError: Unexpected exception type thrown ==> expected: <java.lang.IndexOutOfBoundsException> but was: <java.lang.NullPointerException>
	at org.junit.jupiter.api.AssertThrows.assertThrows(AssertThrows.java:65)
	at org.junit.jupiter.api.AssertThrows.assertThrows(AssertThrows.java:37)
	at org.junit.jupiter.api.Assertions.assertThrows(Assertions.java:3082)
	at hr.fer.oprpp1.custom.collections.LinkedListIndexedCollectionTest.testIndexLessThanZeroGetMethod(LinkedListIndexedCollectionTest.java:148)
Caused by: java.lang.NullPointerException: Cannot invoke "hr.fer.oprpp1.custom.collections.LinkedListIndexedCollection.get(int)" because "this.testCollection" is null
	at hr.fer.oprpp1.custom.collections.LinkedListIndexedCollectionTest.lambda$testIndexLessThanZeroGetMethod$4(LinkedListIndexedCollectionTest.java:148)
	at org.junit.jupiter.api.AssertThrows.assertThrows(AssertThrows.java:55)
	... 15 more
]]></failure>
  </testcase>
  <testcase name="hr.fer.oprpp1.custom.collections.LinkedListIndexedCollectionTest.testIndexCrossedUpperBoundGetMethod" classname="hr.fer.oprpp1.custom.collections.LinkedListIndexedCollectionTest" time="0.001">
    <failure message="Unexpected exception type thrown ==&gt; expected: &lt;java.lang.IndexOutOfBoundsException&gt; but was: &lt;java.lang.NullPointerException&gt;" type="org.opentest4j.AssertionFailedError"><![CDATA[org.opentest4j.AssertionFailedError: Unexpected exception type thrown ==> expected: <java.lang.IndexOutOfBoundsException> but was: <java.lang.NullPointerException>
	at org.junit.jupiter.api.AssertThrows.assertThrows(AssertThrows.java:65)
	at org.junit.jupiter.api.AssertThrows.assertThrows(AssertThrows.java:37)
	at org.junit.jupiter.api.Assertions.assertThrows(Assertions.java:3082)
	at hr.fer.oprpp1.custom.collections.LinkedListIndexedCollectionTest.testIndexCrossedUpperBoundGetMethod(LinkedListIndexedCollectionTest.java:153)
Caused by: java.lang.NullPointerException: Cannot invoke "hr.fer.oprpp1.custom.collections.LinkedListIndexedCollection.get(int)" because "this.testCollection" is null
	at hr.fer.oprpp1.custom.collections.LinkedListIndexedCollectionTest.lambda$testIndexCrossedUpperBoundGetMethod$5(LinkedListIndexedCollectionTest.java:153)
	at org.junit.jupiter.api.AssertThrows.assertThrows(AssertThrows.java:55)
	... 15 more
]]></failure>
  </testcase>
  <testcase name="hr.fer.oprpp1.custom.collections.LinkedListIndexedCollectionTest.testIndexLessThanZeroInsertMethod" classname="hr.fer.oprpp1.custom.collections.LinkedListIndexedCollectionTest" time="0.001">
    <failure message="Unexpected exception type thrown ==&gt; expected: &lt;java.lang.IndexOutOfBoundsException&gt; but was: &lt;java.lang.NullPointerException&gt;" type="org.opentest4j.AssertionFailedError"><![CDATA[org.opentest4j.AssertionFailedError: Unexpected exception type thrown ==> expected: <java.lang.IndexOutOfBoundsException> but was: <java.lang.NullPointerException>
	at org.junit.jupiter.api.AssertThrows.assertThrows(AssertThrows.java:65)
	at org.junit.jupiter.api.AssertThrows.assertThrows(AssertThrows.java:37)
	at org.junit.jupiter.api.Assertions.assertThrows(Assertions.java:3082)
	at hr.fer.oprpp1.custom.collections.LinkedListIndexedCollectionTest.testIndexLessThanZeroInsertMethod(LinkedListIndexedCollectionTest.java:158)
Caused by: java.lang.NullPointerException: Cannot invoke "hr.fer.oprpp1.custom.collections.LinkedListIndexedCollection.insert(Object, int)" because "this.testCollection" is null
	at hr.fer.oprpp1.custom.collections.LinkedListIndexedCollectionTest.lambda$testIndexLessThanZeroInsertMethod$6(LinkedListIndexedCollectionTest.java:158)
	at org.junit.jupiter.api.AssertThrows.assertThrows(AssertThrows.java:55)
	... 15 more
]]></failure>
  </testcase>
  <testcase name="hr.fer.oprpp1.custom.collections.LinkedListIndexedCollectionTest.testIndexCrossedUpperBoundInsertMethod" classname="hr.fer.oprpp1.custom.collections.LinkedListIndexedCollectionTest" time="0">
    <failure message="Unexpected exception type thrown ==&gt; expected: &lt;java.lang.IndexOutOfBoundsException&gt; but was: &lt;java.lang.NullPointerException&gt;" type="org.opentest4j.AssertionFailedError"><![CDATA[org.opentest4j.AssertionFailedError: Unexpected exception type thrown ==> expected: <java.lang.IndexOutOfBoundsException> but was: <java.lang.NullPointerException>
	at org.junit.jupiter.api.AssertThrows.assertThrows(AssertThrows.java:65)
	at org.junit.jupiter.api.AssertThrows.assertThrows(AssertThrows.java:37)
	at org.junit.jupiter.api.Assertions.assertThrows(Assertions.java:3082)
	at hr.fer.oprpp1.custom.collections.LinkedListIndexedCollectionTest.testIndexCrossedUpperBoundInsertMethod(LinkedListIndexedCollectionTest.java:163)
Caused by: java.lang.NullPointerException: Cannot invoke "hr.fer.oprpp1.custom.collections.LinkedListIndexedCollection.insert(Object, int)" because "this.testCollection" is null
	at hr.fer.oprpp1.custom.collections.LinkedListIndexedCollectionTest.lambda$testIndexCrossedUpperBoundInsertMethod$7(LinkedListIndexedCollectionTest.java:163)
	at org.junit.jupiter.api.AssertThrows.assertThrows(AssertThrows.java:55)
	... 15 more
]]></failure>
  </testcase>
  <testcase name="hr.fer.oprpp1.custom.collections.LinkedListIndexedCollectionTest.testInsertAtLastIndex" classname="hr.fer.oprpp1.custom.collections.LinkedListIndexedCollectionTest" time="0">
    <failure message="Cannot invoke &quot;hr.fer.oprpp1.custom.collections.Collection.forEach(hr.fer.oprpp1.custom.collections.Processor)&quot; because &quot;collection&quot; is null" type="java.lang.NullPointerException"><![CDATA[java.lang.NullPointerException: Cannot invoke "hr.fer.oprpp1.custom.collections.Collection.forEach(hr.fer.oprpp1.custom.collections.Processor)" because "collection" is null
	at hr.fer.oprpp1.custom.collections.LinkedListIndexedCollection.<init>(LinkedListIndexedCollection.java:149)
	at hr.fer.oprpp1.custom.collections.LinkedListIndexedCollectionTest.testInsertAtLastIndex(LinkedListIndexedCollectionTest.java:168)
]]></failure>
  </testcase>
  <testcase name="hr.fer.oprpp1.custom.collections.LinkedListIndexedCollectionTest.testInsertAtArrayStart" classname="hr.fer.oprpp1.custom.collections.LinkedListIndexedCollectionTest" time="0">
    <failure message="Cannot invoke &quot;hr.fer.oprpp1.custom.collections.Collection.forEach(hr.fer.oprpp1.custom.collections.Processor)&quot; because &quot;collection&quot; is null" type="java.lang.NullPointerException"><![CDATA[java.lang.NullPointerException: Cannot invoke "hr.fer.oprpp1.custom.collections.Collection.forEach(hr.fer.oprpp1.custom.collections.Processor)" because "collection" is null
	at hr.fer.oprpp1.custom.collections.LinkedListIndexedCollection.<init>(LinkedListIndexedCollection.java:149)
	at hr.fer.oprpp1.custom.collections.LinkedListIndexedCollectionTest.testInsertAtArrayStart(LinkedListIndexedCollectionTest.java:177)
]]></failure>
  </testcase>
  <testcase name="hr.fer.oprpp1.custom.collections.LinkedListIndexedCollectionTest.testInsertElementInMiddleOfArray" classname="hr.fer.oprpp1.custom.collections.LinkedListIndexedCollectionTest" time="0">
    <failure message="Cannot invoke &quot;hr.fer.oprpp1.custom.collections.LinkedListIndexedCollection.add(Object)&quot; because &quot;this.testCollection&quot; is null" type="java.lang.NullPointerException">java.lang.NullPointerException: Cannot invoke "hr.fer.oprpp1.custom.collections.LinkedListIndexedCollection.add(Object)" because "this.testCollection" is null
	at hr.fer.oprpp1.custom.collections.LinkedListIndexedCollectionTest.testInsertElementInMiddleOfArray(LinkedListIndexedCollectionTest.java:190)
</failure>
  </testcase>
  <testcase name="hr.fer.oprpp1.custom.collections.LinkedListIndexedCollectionTest.testInsertIntoEmptyArray" classname="hr.fer.oprpp1.custom.collections.LinkedListIndexedCollectionTest" time="0.001"/>
  <testcase name="hr.fer.oprpp1.custom.collections.LinkedListIndexedCollectionTest.testIndexOfNonExistingElement" classname="hr.fer.oprpp1.custom.collections.LinkedListIndexedCollectionTest" time="0.001">
    <failure message="Cannot invoke &quot;hr.fer.oprpp1.custom.collections.LinkedListIndexedCollection.indexOf(Object)&quot; because &quot;this.testCollection&quot; is null" type="java.lang.NullPointerException">java.lang.NullPointerException: Cannot invoke "hr.fer.oprpp1.custom.collections.LinkedListIndexedCollection.indexOf(Object)" because "this.testCollection" is null
	at hr.fer.oprpp1.custom.collections.LinkedListIndexedCollectionTest.testIndexOfNonExistingElement(LinkedListIndexedCollectionTest.java:203)
</failure>
  </testcase>
  <testcase name="hr.fer.oprpp1.custom.collections.LinkedListIndexedCollectionTest.testIndexOfExistingElement" classname="hr.fer.oprpp1.custom.collections.LinkedListIndexedCollectionTest" time="0">
    <failure message="Cannot invoke &quot;hr.fer.oprpp1.custom.collections.LinkedListIndexedCollection.indexOf(Object)&quot; because &quot;this.testCollection&quot; is null" type="java.lang.NullPointerException">java.lang.NullPointerException: Cannot invoke "hr.fer.oprpp1.custom.collections.LinkedListIndexedCollection.indexOf(Object)" because "this.testCollection" is null
	at hr.fer.oprpp1.custom.collections.LinkedListIndexedCollectionTest.testIndexOfExistingElement(LinkedListIndexedCollectionTest.java:208)
</failure>
  </testcase>
  <testcase name="hr.fer.oprpp1.custom.collections.LinkedListIndexedCollectionTest.testIndexOfNull" classname="hr.fer.oprpp1.custom.collections.LinkedListIndexedCollectionTest" time="0">
    <failure message="Cannot invoke &quot;hr.fer.oprpp1.custom.collections.LinkedListIndexedCollection.indexOf(Object)&quot; because &quot;this.testCollection&quot; is null" type="java.lang.NullPointerException">java.lang.NullPointerException: Cannot invoke "hr.fer.oprpp1.custom.collections.LinkedListIndexedCollection.indexOf(Object)" because "this.testCollection" is null
	at hr.fer.oprpp1.custom.collections.LinkedListIndexedCollectionTest.testIndexOfNull(LinkedListIndexedCollectionTest.java:213)
</failure>
  </testcase>
</testsuite>